<html>
<head>
<title>TestNG:  Default test</title>
<link href="../testng.css" rel="stylesheet" type="text/css" />
<link href="../my-testng.css" rel="stylesheet" type="text/css" />

<style type="text/css">
.log { display: none;} 
.stack-trace { display: none;} 
</style>
<script type="text/javascript">
<!--
function flip(e) {
  current = e.style.display;
  if (current == 'block') {
    e.style.display = 'none';
    return 0;
  }
  else {
    e.style.display = 'block';
    return 1;
  }
}

function toggleBox(szDivId, elem, msg1, msg2)
{
  var res = -1;  if (document.getElementById) {
    res = flip(document.getElementById(szDivId));
  }
  else if (document.all) {
    // this is the way old msie versions work
    res = flip(document.all[szDivId]);
  }
  if(elem) {
    if(res == 0) elem.innerHTML = msg1; else elem.innerHTML = msg2;
  }

}

function toggleAllBoxes() {
  if (document.getElementsByTagName) {
    d = document.getElementsByTagName('div');
    for (i = 0; i < d.length; i++) {
      if (d[i].className == 'log') {
        flip(d[i]);
      }
    }
  }
}

// -->
</script>

</head>
<body>
<h2 align='center'>Default test</h2><table border='1' align="center">
<tr>
<td>Tests passed/Failed/Skipped:</td><td>0/3/0</td>
</tr><tr>
<td>Started on:</td><td>Wed Mar 17 14:37:29 EDT 2021</td>
</tr>
<tr><td>Total time:</td><td>8 seconds (8548 ms)</td>
</tr><tr>
<td>Included groups:</td><td></td>
</tr><tr>
<td>Excluded groups:</td><td></td>
</tr>
</table><p/>
<small><i>(Hover the method name to see the test class name)</i></small><p/>
<table width='100%' border='1' class='invocation-failed'>
<tr><td colspan='4' align='center'><b>FAILED TESTS</b></td></tr>
<tr><td><b>Test method</b></td>
<td width="30%"><b>Exception</b></td>
<td width="10%"><b>Time (seconds)</b></td>
<td><b>Instance</b></td>
</tr>
<tr>
<td title='AllyTest.GunnisonAlly.verifyGunnisonHome()'><b>verifyGunnisonHome</b><br>Test class: AllyTest.GunnisonAlly</td>
<td><div><pre>java.lang.AssertionError: Found 8 accessibility violations:
1) Elements must have sufficient color contrast: https://dequeuniversity.com/rules/axe/3.5/color-contrast?application=axeAPI
  a) [&quot;.button-14 &gt; .fusion-button-text&quot;]
    Fix any of the following:
      Element has insufficient color contrast of 3.48 (foreground color: #cf7038, background color: #ffffff, font size: 10.5pt (14px), font weight: bold). Expected contrast ratio of 4.5:1


2) Headings must not be empty: https://dequeuniversity.com/rules/axe/3.5/empty-heading?application=axeAPI
  a) [&quot;.fusion-title-15 &gt; .title-heading-center[data-fontsize=\&quot;\\37 0\&quot;][data-lineheight=\&quot;\\39 8px\&quot;]&quot;]
    Fix any of the following:
      Element does not have text that is visible to screen readers


  b) [&quot;.fusion-title-19 &gt; .title-heading-center[data-fontsize=\&quot;\\37 0\&quot;][data-lineheight=\&quot;\\39 8px\&quot;]&quot;]
    Fix any of the following:
      Element does not have text that is visible to screen readers


3) Heading levels should only increase by one: https://dequeuniversity.com/rules/axe/3.5/heading-order?application=axeAPI
  a) [&quot;.fusion-text-5 &gt; h4[data-lineheight=\&quot;\\33 6px\&quot;]&quot;]
    Fix any of the following:
      Heading order invalid


  b) [&quot;.fusion-text-12 &gt; h6&quot;]
    Fix any of the following:
      Heading order invalid


  c) [&quot;.fusion-text-14 &gt; h6&quot;]
    Fix any of the following:
      Heading order invalid


  d) [&quot;.fusion-text-16 &gt; h6&quot;]
    Fix any of the following:
      Heading order invalid


  e) [&quot;.fusion-text-18 &gt; h6&quot;]
    Fix any of the following:
      Heading order invalid


4) Images must have alternate text: https://dequeuniversity.com/rules/axe/3.5/image-alt?application=axeAPI
  a) [&quot;.wp-image-1748&quot;]
    Fix any of the following:
      Element does not have an alt attribute
      aria-label attribute does not exist or is empty
      aria-labelledby attribute does not exist, references elements that do not exist or references elements that are empty
      Element has no title attribute or the title attribute is empty
      Element&apos;s default semantics were not overridden with role=&quot;presentation&quot;
      Element&apos;s default semantics were not overridden with role=&quot;none&quot;


  b) [&quot;.wp-image-1747&quot;]
    Fix any of the following:
      Element does not have an alt attribute
      aria-label attribute does not exist or is empty
      aria-labelledby attribute does not exist, references elements that do not exist or references elements that are empty
      Element has no title attribute or the title attribute is empty
      Element&apos;s default semantics were not overridden with role=&quot;presentation&quot;
      Element&apos;s default semantics were not overridden with role=&quot;none&quot;


5) Document must not have more than one contentinfo landmark: https://dequeuniversity.com/rules/axe/3.5/landmark-no-duplicate-contentinfo?application=axeAPI
  a) [&quot;.fusion-footer-widget-area&quot;]
    Fix any of the following:
      Document has more than one contentinfo landmark


6) Ensures landmarks are unique: https://dequeuniversity.com/rules/axe/3.5/landmark-unique?application=axeAPI
  a) [&quot;.fusion-footer-widget-area&quot;]
    Fix any of the following:
      The landmark must have a unique aria-label, aria-labelledby, or title to make landmarks distinguishable


7) Page must contain a level-one heading: https://dequeuniversity.com/rules/axe/3.5/page-has-heading-one?application=axeAPI
  a) [&quot;html&quot;]
    Fix all of the following:
      Page must have a level-one heading


8) All page content must be contained by landmarks: https://dequeuniversity.com/rules/axe/3.5/region?application=axeAPI
  a) [&quot;.fusion-title-1&quot;]
    Fix any of the following:
      Some page content is not contained by landmarks


  b) [&quot;.fusion-title-2&quot;]
    Fix any of the following:
      Some page content is not contained by landmarks


  c) [&quot;.button-1&quot;]
    Fix any of the following:
      Some page content is not contained by landmarks


  d) [&quot;.to-top-container&quot;]
    Fix any of the following:
      Some page content is not contained by landmarks

 expected [true] but found [false]
	at org.testng.Assert.fail(Assert.java:99)
	at org.testng.Assert.failNotEquals(Assert.java:1037)
	at org.testng.Assert.assertTrue(Assert.java:45)
	at AllyTest.GunnisonAlly.gunnisonAllyTest(GunnisonAlly.java:46)
	at AllyTest.GunnisonAlly.verifyGunnisonHome(GunnisonAlly.java:58)
	at java.base/jdk.internal.reflect.NativeMethodAccessorImpl.invoke0(Native Method)
	at java.base/jdk.internal.reflect.NativeMethodAccessorImpl.invoke(NativeMethodAccessorImpl.java:64)
	at java.base/jdk.internal.reflect.DelegatingMethodAccessorImpl.invoke(DelegatingMethodAccessorImpl.java:43)
	at java.base/java.lang.reflect.Method.invoke(Method.java:564)
	at org.testng.internal.MethodInvocationHelper.invokeMethod(MethodInvocationHelper.java:133)
	at org.testng.internal.TestInvoker.invokeMethod(TestInvoker.java:598)
	at org.testng.internal.TestInvoker.invokeTestMethod(TestInvoker.java:173)
	at org.testng.internal.MethodRunner.runInSequence(MethodRunner.java:46)
	at org.testng.internal.TestInvoker$MethodInvocationAgent.invoke(TestInvoker.java:824)
	at org.testng.internal.TestInvoker.invokeTestMethods(TestInvoker.java:146)
	at org.testng.internal.TestMethodWorker.invokeTestMethods(TestMethodWorker.java:146)
	at org.testng.internal.TestMethodWorker.run(TestMethodWorker.java:128)
	at java.base/java.util.ArrayList.forEach(ArrayList.java:1511)
	at org.testng.TestRunner.privateRun(TestRunner.java:794)
	at org.testng.TestRunner.run(TestRunner.java:596)
	at org.testng.SuiteRunner.runTest(SuiteRunner.java:377)
	at org.testng.SuiteRunner.runSequentially(SuiteRunner.java:371)
	at org.testng.SuiteRunner.privateRun(SuiteRunner.java:332)
	at org.testng.SuiteRunner.run(SuiteRunner.java:276)
	at org.testng.SuiteRunnerWorker.runSuite(SuiteRunnerWorker.java:53)
	at org.testng.SuiteRunnerWorker.run(SuiteRunnerWorker.java:96)
	at org.testng.TestNG.runSuitesSequentially(TestNG.java:1212)
	at org.testng.TestNG.runSuitesLocally(TestNG.java:1134)
	at org.testng.TestNG.runSuites(TestNG.java:1063)
	at org.testng.TestNG.run(TestNG.java:1031)
	at org.testng.remote.AbstractRemoteTestNG.run(AbstractRemoteTestNG.java:115)
	at org.testng.remote.RemoteTestNG.initAndRun(RemoteTestNG.java:251)
	at org.testng.remote.RemoteTestNG.main(RemoteTestNG.java:77)
</pre></div><a href='#' onClick='toggleBox("stack-trace1590129041", this, "Click to show all stack frames", "Click to hide stack frames")'>Click to show all stack frames</a>
<div class='stack-trace' id='stack-trace1590129041'><pre>java.lang.AssertionError: Found 8 accessibility violations:
1) Elements must have sufficient color contrast: https://dequeuniversity.com/rules/axe/3.5/color-contrast?application=axeAPI
  a) [&quot;.button-14 &gt; .fusion-button-text&quot;]
    Fix any of the following:
      Element has insufficient color contrast of 3.48 (foreground color: #cf7038, background color: #ffffff, font size: 10.5pt (14px), font weight: bold). Expected contrast ratio of 4.5:1


2) Headings must not be empty: https://dequeuniversity.com/rules/axe/3.5/empty-heading?application=axeAPI
  a) [&quot;.fusion-title-15 &gt; .title-heading-center[data-fontsize=\&quot;\\37 0\&quot;][data-lineheight=\&quot;\\39 8px\&quot;]&quot;]
    Fix any of the following:
      Element does not have text that is visible to screen readers


  b) [&quot;.fusion-title-19 &gt; .title-heading-center[data-fontsize=\&quot;\\37 0\&quot;][data-lineheight=\&quot;\\39 8px\&quot;]&quot;]
    Fix any of the following:
      Element does not have text that is visible to screen readers


3) Heading levels should only increase by one: https://dequeuniversity.com/rules/axe/3.5/heading-order?application=axeAPI
  a) [&quot;.fusion-text-5 &gt; h4[data-lineheight=\&quot;\\33 6px\&quot;]&quot;]
    Fix any of the following:
      Heading order invalid


  b) [&quot;.fusion-text-12 &gt; h6&quot;]
    Fix any of the following:
      Heading order invalid


  c) [&quot;.fusion-text-14 &gt; h6&quot;]
    Fix any of the following:
      Heading order invalid


  d) [&quot;.fusion-text-16 &gt; h6&quot;]
    Fix any of the following:
      Heading order invalid


  e) [&quot;.fusion-text-18 &gt; h6&quot;]
    Fix any of the following:
      Heading order invalid


4) Images must have alternate text: https://dequeuniversity.com/rules/axe/3.5/image-alt?application=axeAPI
  a) [&quot;.wp-image-1748&quot;]
    Fix any of the following:
      Element does not have an alt attribute
      aria-label attribute does not exist or is empty
      aria-labelledby attribute does not exist, references elements that do not exist or references elements that are empty
      Element has no title attribute or the title attribute is empty
      Element&apos;s default semantics were not overridden with role=&quot;presentation&quot;
      Element&apos;s default semantics were not overridden with role=&quot;none&quot;


  b) [&quot;.wp-image-1747&quot;]
    Fix any of the following:
      Element does not have an alt attribute
      aria-label attribute does not exist or is empty
      aria-labelledby attribute does not exist, references elements that do not exist or references elements that are empty
      Element has no title attribute or the title attribute is empty
      Element&apos;s default semantics were not overridden with role=&quot;presentation&quot;
      Element&apos;s default semantics were not overridden with role=&quot;none&quot;


5) Document must not have more than one contentinfo landmark: https://dequeuniversity.com/rules/axe/3.5/landmark-no-duplicate-contentinfo?application=axeAPI
  a) [&quot;.fusion-footer-widget-area&quot;]
    Fix any of the following:
      Document has more than one contentinfo landmark


6) Ensures landmarks are unique: https://dequeuniversity.com/rules/axe/3.5/landmark-unique?application=axeAPI
  a) [&quot;.fusion-footer-widget-area&quot;]
    Fix any of the following:
      The landmark must have a unique aria-label, aria-labelledby, or title to make landmarks distinguishable


7) Page must contain a level-one heading: https://dequeuniversity.com/rules/axe/3.5/page-has-heading-one?application=axeAPI
  a) [&quot;html&quot;]
    Fix all of the following:
      Page must have a level-one heading


8) All page content must be contained by landmarks: https://dequeuniversity.com/rules/axe/3.5/region?application=axeAPI
  a) [&quot;.fusion-title-1&quot;]
    Fix any of the following:
      Some page content is not contained by landmarks


  b) [&quot;.fusion-title-2&quot;]
    Fix any of the following:
      Some page content is not contained by landmarks


  c) [&quot;.button-1&quot;]
    Fix any of the following:
      Some page content is not contained by landmarks


  d) [&quot;.to-top-container&quot;]
    Fix any of the following:
      Some page content is not contained by landmarks

 expected [true] but found [false]
	at org.testng.Assert.fail(Assert.java:99)
	at org.testng.Assert.failNotEquals(Assert.java:1037)
	at org.testng.Assert.assertTrue(Assert.java:45)
	at AllyTest.GunnisonAlly.gunnisonAllyTest(GunnisonAlly.java:46)
	at AllyTest.GunnisonAlly.verifyGunnisonHome(GunnisonAlly.java:58)
	at java.base/jdk.internal.reflect.NativeMethodAccessorImpl.invoke0(Native Method)
	at java.base/jdk.internal.reflect.NativeMethodAccessorImpl.invoke(NativeMethodAccessorImpl.java:64)
	at java.base/jdk.internal.reflect.DelegatingMethodAccessorImpl.invoke(DelegatingMethodAccessorImpl.java:43)
	at java.base/java.lang.reflect.Method.invoke(Method.java:564)
	at org.testng.internal.MethodInvocationHelper.invokeMethod(MethodInvocationHelper.java:133)
	at org.testng.internal.TestInvoker.invokeMethod(TestInvoker.java:598)
	at org.testng.internal.TestInvoker.invokeTestMethod(TestInvoker.java:173)
	at org.testng.internal.MethodRunner.runInSequence(MethodRunner.java:46)
	at org.testng.internal.TestInvoker$MethodInvocationAgent.invoke(TestInvoker.java:824)
	at org.testng.internal.TestInvoker.invokeTestMethods(TestInvoker.java:146)
	at org.testng.internal.TestMethodWorker.invokeTestMethods(TestMethodWorker.java:146)
	at org.testng.internal.TestMethodWorker.run(TestMethodWorker.java:128)
	at java.base/java.util.ArrayList.forEach(ArrayList.java:1511)
	at org.testng.TestRunner.privateRun(TestRunner.java:794)
	at org.testng.TestRunner.run(TestRunner.java:596)
	at org.testng.SuiteRunner.runTest(SuiteRunner.java:377)
	at org.testng.SuiteRunner.runSequentially(SuiteRunner.java:371)
	at org.testng.SuiteRunner.privateRun(SuiteRunner.java:332)
	at org.testng.SuiteRunner.run(SuiteRunner.java:276)
	at org.testng.SuiteRunnerWorker.runSuite(SuiteRunnerWorker.java:53)
	at org.testng.SuiteRunnerWorker.run(SuiteRunnerWorker.java:96)
	at org.testng.TestNG.runSuitesSequentially(TestNG.java:1212)
	at org.testng.TestNG.runSuitesLocally(TestNG.java:1134)
	at org.testng.TestNG.runSuites(TestNG.java:1063)
	at org.testng.TestNG.run(TestNG.java:1031)
	at org.testng.remote.AbstractRemoteTestNG.run(AbstractRemoteTestNG.java:115)
	at org.testng.remote.RemoteTestNG.initAndRun(RemoteTestNG.java:251)
	at org.testng.remote.RemoteTestNG.main(RemoteTestNG.java:77)
</pre></div></td>
<td>1</td>
<td>AllyTest.GunnisonAlly@306f16f3</td></tr>
<tr>
<td title='AllyTest.GunnisonAlly.verifyAboutUs()'><b>verifyAboutUs</b><br>Test class: AllyTest.GunnisonAlly</td>
<td><div><pre>java.lang.AssertionError: Found 4 accessibility violations:
1) Heading levels should only increase by one: https://dequeuniversity.com/rules/axe/3.5/heading-order?application=axeAPI
  a) [&quot;.fusion-text-4 &gt; h3&quot;]
    Fix any of the following:
      Heading order invalid


  b) [&quot;.fusion-text-8 &gt; h6&quot;]
    Fix any of the following:
      Heading order invalid


  c) [&quot;.fusion-text-9 &gt; h6&quot;]
    Fix any of the following:
      Heading order invalid


2) Document must not have more than one contentinfo landmark: https://dequeuniversity.com/rules/axe/3.5/landmark-no-duplicate-contentinfo?application=axeAPI
  a) [&quot;.fusion-footer-widget-area&quot;]
    Fix any of the following:
      Document has more than one contentinfo landmark


3) Ensures landmarks are unique: https://dequeuniversity.com/rules/axe/3.5/landmark-unique?application=axeAPI
  a) [&quot;.fusion-footer-widget-area&quot;]
    Fix any of the following:
      The landmark must have a unique aria-label, aria-labelledby, or title to make landmarks distinguishable


4) All page content must be contained by landmarks: https://dequeuniversity.com/rules/axe/3.5/region?application=axeAPI
  a) [&quot;.avada-page-titlebar-wrapper&quot;]
    Fix any of the following:
      Some page content is not contained by landmarks


  b) [&quot;.to-top-container&quot;]
    Fix any of the following:
      Some page content is not contained by landmarks

 expected [true] but found [false]
	at org.testng.Assert.fail(Assert.java:99)
	at org.testng.Assert.failNotEquals(Assert.java:1037)
	at org.testng.Assert.assertTrue(Assert.java:45)
	at AllyTest.GunnisonAlly.gunnisonAllyTest(GunnisonAlly.java:46)
	at AllyTest.GunnisonAlly.verifyAboutUs(GunnisonAlly.java:71)
	at java.base/jdk.internal.reflect.NativeMethodAccessorImpl.invoke0(Native Method)
	at java.base/jdk.internal.reflect.NativeMethodAccessorImpl.invoke(NativeMethodAccessorImpl.java:64)
	at java.base/jdk.internal.reflect.DelegatingMethodAccessorImpl.invoke(DelegatingMethodAccessorImpl.java:43)
	at java.base/java.lang.reflect.Method.invoke(Method.java:564)
	at org.testng.internal.MethodInvocationHelper.invokeMethod(MethodInvocationHelper.java:133)
	at org.testng.internal.TestInvoker.invokeMethod(TestInvoker.java:598)
	at org.testng.internal.TestInvoker.invokeTestMethod(TestInvoker.java:173)
	at org.testng.internal.MethodRunner.runInSequence(MethodRunner.java:46)
	at org.testng.internal.TestInvoker$MethodInvocationAgent.invoke(TestInvoker.java:824)
	at org.testng.internal.TestInvoker.invokeTestMethods(TestInvoker.java:146)
	at org.testng.internal.TestMethodWorker.invokeTestMethods(TestMethodWorker.java:146)
	at org.testng.internal.TestMethodWorker.run(TestMethodWorker.java:128)
	at java.base/java.util.ArrayList.forEach(ArrayList.java:1511)
	at org.testng.TestRunner.privateRun(TestRunner.java:794)
	at org.testng.TestRunner.run(TestRunner.java:596)
	at org.testng.SuiteRunner.runTest(SuiteRunner.java:377)
	at org.testng.SuiteRunner.runSequentially(SuiteRunner.java:371)
	at org.testng.SuiteRunner.privateRun(SuiteRunner.java:332)
	at org.testng.SuiteRunner.run(SuiteRunner.java:276)
	at org.testng.SuiteRunnerWorker.runSuite(SuiteRunnerWorker.java:53)
	at org.testng.SuiteRunnerWorker.run(SuiteRunnerWorker.java:96)
	at org.testng.TestNG.runSuitesSequentially(TestNG.java:1212)
	at org.testng.TestNG.runSuitesLocally(TestNG.java:1134)
	at org.testng.TestNG.runSuites(TestNG.java:1063)
	at org.testng.TestNG.run(TestNG.java:1031)
	at org.testng.remote.AbstractRemoteTestNG.run(AbstractRemoteTestNG.java:115)
	at org.testng.remote.RemoteTestNG.initAndRun(RemoteTestNG.java:251)
	at org.testng.remote.RemoteTestNG.main(RemoteTestNG.java:77)
</pre></div><a href='#' onClick='toggleBox("stack-trace1448277333", this, "Click to show all stack frames", "Click to hide stack frames")'>Click to show all stack frames</a>
<div class='stack-trace' id='stack-trace1448277333'><pre>java.lang.AssertionError: Found 4 accessibility violations:
1) Heading levels should only increase by one: https://dequeuniversity.com/rules/axe/3.5/heading-order?application=axeAPI
  a) [&quot;.fusion-text-4 &gt; h3&quot;]
    Fix any of the following:
      Heading order invalid


  b) [&quot;.fusion-text-8 &gt; h6&quot;]
    Fix any of the following:
      Heading order invalid


  c) [&quot;.fusion-text-9 &gt; h6&quot;]
    Fix any of the following:
      Heading order invalid


2) Document must not have more than one contentinfo landmark: https://dequeuniversity.com/rules/axe/3.5/landmark-no-duplicate-contentinfo?application=axeAPI
  a) [&quot;.fusion-footer-widget-area&quot;]
    Fix any of the following:
      Document has more than one contentinfo landmark


3) Ensures landmarks are unique: https://dequeuniversity.com/rules/axe/3.5/landmark-unique?application=axeAPI
  a) [&quot;.fusion-footer-widget-area&quot;]
    Fix any of the following:
      The landmark must have a unique aria-label, aria-labelledby, or title to make landmarks distinguishable


4) All page content must be contained by landmarks: https://dequeuniversity.com/rules/axe/3.5/region?application=axeAPI
  a) [&quot;.avada-page-titlebar-wrapper&quot;]
    Fix any of the following:
      Some page content is not contained by landmarks


  b) [&quot;.to-top-container&quot;]
    Fix any of the following:
      Some page content is not contained by landmarks

 expected [true] but found [false]
	at org.testng.Assert.fail(Assert.java:99)
	at org.testng.Assert.failNotEquals(Assert.java:1037)
	at org.testng.Assert.assertTrue(Assert.java:45)
	at AllyTest.GunnisonAlly.gunnisonAllyTest(GunnisonAlly.java:46)
	at AllyTest.GunnisonAlly.verifyAboutUs(GunnisonAlly.java:71)
	at java.base/jdk.internal.reflect.NativeMethodAccessorImpl.invoke0(Native Method)
	at java.base/jdk.internal.reflect.NativeMethodAccessorImpl.invoke(NativeMethodAccessorImpl.java:64)
	at java.base/jdk.internal.reflect.DelegatingMethodAccessorImpl.invoke(DelegatingMethodAccessorImpl.java:43)
	at java.base/java.lang.reflect.Method.invoke(Method.java:564)
	at org.testng.internal.MethodInvocationHelper.invokeMethod(MethodInvocationHelper.java:133)
	at org.testng.internal.TestInvoker.invokeMethod(TestInvoker.java:598)
	at org.testng.internal.TestInvoker.invokeTestMethod(TestInvoker.java:173)
	at org.testng.internal.MethodRunner.runInSequence(MethodRunner.java:46)
	at org.testng.internal.TestInvoker$MethodInvocationAgent.invoke(TestInvoker.java:824)
	at org.testng.internal.TestInvoker.invokeTestMethods(TestInvoker.java:146)
	at org.testng.internal.TestMethodWorker.invokeTestMethods(TestMethodWorker.java:146)
	at org.testng.internal.TestMethodWorker.run(TestMethodWorker.java:128)
	at java.base/java.util.ArrayList.forEach(ArrayList.java:1511)
	at org.testng.TestRunner.privateRun(TestRunner.java:794)
	at org.testng.TestRunner.run(TestRunner.java:596)
	at org.testng.SuiteRunner.runTest(SuiteRunner.java:377)
	at org.testng.SuiteRunner.runSequentially(SuiteRunner.java:371)
	at org.testng.SuiteRunner.privateRun(SuiteRunner.java:332)
	at org.testng.SuiteRunner.run(SuiteRunner.java:276)
	at org.testng.SuiteRunnerWorker.runSuite(SuiteRunnerWorker.java:53)
	at org.testng.SuiteRunnerWorker.run(SuiteRunnerWorker.java:96)
	at org.testng.TestNG.runSuitesSequentially(TestNG.java:1212)
	at org.testng.TestNG.runSuitesLocally(TestNG.java:1134)
	at org.testng.TestNG.runSuites(TestNG.java:1063)
	at org.testng.TestNG.run(TestNG.java:1031)
	at org.testng.remote.AbstractRemoteTestNG.run(AbstractRemoteTestNG.java:115)
	at org.testng.remote.RemoteTestNG.initAndRun(RemoteTestNG.java:251)
	at org.testng.remote.RemoteTestNG.main(RemoteTestNG.java:77)
</pre></div></td>
<td>1</td>
<td>AllyTest.GunnisonAlly@306f16f3</td></tr>
<tr>
<td title='AllyTest.GunnisonAlly.verifyCapabilities()'><b>verifyCapabilities</b><br>Test class: AllyTest.GunnisonAlly</td>
<td><div><pre>java.lang.AssertionError: Found 4 accessibility violations:
1) Heading levels should only increase by one: https://dequeuniversity.com/rules/axe/3.5/heading-order?application=axeAPI
  a) [&quot;.fusion-text-1 &gt; h4[data-fontsize=\&quot;\\32 4\&quot;][data-lineheight=\&quot;\\33 6px\&quot;]&quot;]
    Fix any of the following:
      Heading order invalid


  b) [&quot;.fusion-text-15 &gt; h6&quot;]
    Fix any of the following:
      Heading order invalid


  c) [&quot;.fusion-text-16 &gt; h6&quot;]
    Fix any of the following:
      Heading order invalid


2) Document must not have more than one contentinfo landmark: https://dequeuniversity.com/rules/axe/3.5/landmark-no-duplicate-contentinfo?application=axeAPI
  a) [&quot;.fusion-footer-widget-area&quot;]
    Fix any of the following:
      Document has more than one contentinfo landmark


3) Ensures landmarks are unique: https://dequeuniversity.com/rules/axe/3.5/landmark-unique?application=axeAPI
  a) [&quot;.fusion-footer-widget-area&quot;]
    Fix any of the following:
      The landmark must have a unique aria-label, aria-labelledby, or title to make landmarks distinguishable


4) All page content must be contained by landmarks: https://dequeuniversity.com/rules/axe/3.5/region?application=axeAPI
  a) [&quot;.avada-page-titlebar-wrapper&quot;]
    Fix any of the following:
      Some page content is not contained by landmarks


  b) [&quot;.to-top-container&quot;]
    Fix any of the following:
      Some page content is not contained by landmarks

 expected [true] but found [false]
	at org.testng.Assert.fail(Assert.java:99)
	at org.testng.Assert.failNotEquals(Assert.java:1037)
	at org.testng.Assert.assertTrue(Assert.java:45)
	at AllyTest.GunnisonAlly.gunnisonAllyTest(GunnisonAlly.java:46)
	at AllyTest.GunnisonAlly.verifyCapabilities(GunnisonAlly.java:65)
	at java.base/jdk.internal.reflect.NativeMethodAccessorImpl.invoke0(Native Method)
	at java.base/jdk.internal.reflect.NativeMethodAccessorImpl.invoke(NativeMethodAccessorImpl.java:64)
	at java.base/jdk.internal.reflect.DelegatingMethodAccessorImpl.invoke(DelegatingMethodAccessorImpl.java:43)
	at java.base/java.lang.reflect.Method.invoke(Method.java:564)
	at org.testng.internal.MethodInvocationHelper.invokeMethod(MethodInvocationHelper.java:133)
	at org.testng.internal.TestInvoker.invokeMethod(TestInvoker.java:598)
	at org.testng.internal.TestInvoker.invokeTestMethod(TestInvoker.java:173)
	at org.testng.internal.MethodRunner.runInSequence(MethodRunner.java:46)
	at org.testng.internal.TestInvoker$MethodInvocationAgent.invoke(TestInvoker.java:824)
	at org.testng.internal.TestInvoker.invokeTestMethods(TestInvoker.java:146)
	at org.testng.internal.TestMethodWorker.invokeTestMethods(TestMethodWorker.java:146)
	at org.testng.internal.TestMethodWorker.run(TestMethodWorker.java:128)
	at java.base/java.util.ArrayList.forEach(ArrayList.java:1511)
	at org.testng.TestRunner.privateRun(TestRunner.java:794)
	at org.testng.TestRunner.run(TestRunner.java:596)
	at org.testng.SuiteRunner.runTest(SuiteRunner.java:377)
	at org.testng.SuiteRunner.runSequentially(SuiteRunner.java:371)
	at org.testng.SuiteRunner.privateRun(SuiteRunner.java:332)
	at org.testng.SuiteRunner.run(SuiteRunner.java:276)
	at org.testng.SuiteRunnerWorker.runSuite(SuiteRunnerWorker.java:53)
	at org.testng.SuiteRunnerWorker.run(SuiteRunnerWorker.java:96)
	at org.testng.TestNG.runSuitesSequentially(TestNG.java:1212)
	at org.testng.TestNG.runSuitesLocally(TestNG.java:1134)
	at org.testng.TestNG.runSuites(TestNG.java:1063)
	at org.testng.TestNG.run(TestNG.java:1031)
	at org.testng.remote.AbstractRemoteTestNG.run(AbstractRemoteTestNG.java:115)
	at org.testng.remote.RemoteTestNG.initAndRun(RemoteTestNG.java:251)
	at org.testng.remote.RemoteTestNG.main(RemoteTestNG.java:77)
</pre></div><a href='#' onClick='toggleBox("stack-trace510368405", this, "Click to show all stack frames", "Click to hide stack frames")'>Click to show all stack frames</a>
<div class='stack-trace' id='stack-trace510368405'><pre>java.lang.AssertionError: Found 4 accessibility violations:
1) Heading levels should only increase by one: https://dequeuniversity.com/rules/axe/3.5/heading-order?application=axeAPI
  a) [&quot;.fusion-text-1 &gt; h4[data-fontsize=\&quot;\\32 4\&quot;][data-lineheight=\&quot;\\33 6px\&quot;]&quot;]
    Fix any of the following:
      Heading order invalid


  b) [&quot;.fusion-text-15 &gt; h6&quot;]
    Fix any of the following:
      Heading order invalid


  c) [&quot;.fusion-text-16 &gt; h6&quot;]
    Fix any of the following:
      Heading order invalid


2) Document must not have more than one contentinfo landmark: https://dequeuniversity.com/rules/axe/3.5/landmark-no-duplicate-contentinfo?application=axeAPI
  a) [&quot;.fusion-footer-widget-area&quot;]
    Fix any of the following:
      Document has more than one contentinfo landmark


3) Ensures landmarks are unique: https://dequeuniversity.com/rules/axe/3.5/landmark-unique?application=axeAPI
  a) [&quot;.fusion-footer-widget-area&quot;]
    Fix any of the following:
      The landmark must have a unique aria-label, aria-labelledby, or title to make landmarks distinguishable


4) All page content must be contained by landmarks: https://dequeuniversity.com/rules/axe/3.5/region?application=axeAPI
  a) [&quot;.avada-page-titlebar-wrapper&quot;]
    Fix any of the following:
      Some page content is not contained by landmarks


  b) [&quot;.to-top-container&quot;]
    Fix any of the following:
      Some page content is not contained by landmarks

 expected [true] but found [false]
	at org.testng.Assert.fail(Assert.java:99)
	at org.testng.Assert.failNotEquals(Assert.java:1037)
	at org.testng.Assert.assertTrue(Assert.java:45)
	at AllyTest.GunnisonAlly.gunnisonAllyTest(GunnisonAlly.java:46)
	at AllyTest.GunnisonAlly.verifyCapabilities(GunnisonAlly.java:65)
	at java.base/jdk.internal.reflect.NativeMethodAccessorImpl.invoke0(Native Method)
	at java.base/jdk.internal.reflect.NativeMethodAccessorImpl.invoke(NativeMethodAccessorImpl.java:64)
	at java.base/jdk.internal.reflect.DelegatingMethodAccessorImpl.invoke(DelegatingMethodAccessorImpl.java:43)
	at java.base/java.lang.reflect.Method.invoke(Method.java:564)
	at org.testng.internal.MethodInvocationHelper.invokeMethod(MethodInvocationHelper.java:133)
	at org.testng.internal.TestInvoker.invokeMethod(TestInvoker.java:598)
	at org.testng.internal.TestInvoker.invokeTestMethod(TestInvoker.java:173)
	at org.testng.internal.MethodRunner.runInSequence(MethodRunner.java:46)
	at org.testng.internal.TestInvoker$MethodInvocationAgent.invoke(TestInvoker.java:824)
	at org.testng.internal.TestInvoker.invokeTestMethods(TestInvoker.java:146)
	at org.testng.internal.TestMethodWorker.invokeTestMethods(TestMethodWorker.java:146)
	at org.testng.internal.TestMethodWorker.run(TestMethodWorker.java:128)
	at java.base/java.util.ArrayList.forEach(ArrayList.java:1511)
	at org.testng.TestRunner.privateRun(TestRunner.java:794)
	at org.testng.TestRunner.run(TestRunner.java:596)
	at org.testng.SuiteRunner.runTest(SuiteRunner.java:377)
	at org.testng.SuiteRunner.runSequentially(SuiteRunner.java:371)
	at org.testng.SuiteRunner.privateRun(SuiteRunner.java:332)
	at org.testng.SuiteRunner.run(SuiteRunner.java:276)
	at org.testng.SuiteRunnerWorker.runSuite(SuiteRunnerWorker.java:53)
	at org.testng.SuiteRunnerWorker.run(SuiteRunnerWorker.java:96)
	at org.testng.TestNG.runSuitesSequentially(TestNG.java:1212)
	at org.testng.TestNG.runSuitesLocally(TestNG.java:1134)
	at org.testng.TestNG.runSuites(TestNG.java:1063)
	at org.testng.TestNG.run(TestNG.java:1031)
	at org.testng.remote.AbstractRemoteTestNG.run(AbstractRemoteTestNG.java:115)
	at org.testng.remote.RemoteTestNG.initAndRun(RemoteTestNG.java:251)
	at org.testng.remote.RemoteTestNG.main(RemoteTestNG.java:77)
</pre></div></td>
<td>1</td>
<td>AllyTest.GunnisonAlly@306f16f3</td></tr>
</table><p>
</body>
</html>