<!DOCTYPE html PUBLIC "-//W3C//DTD XHTML 1.1//EN" "https://www.w3.org/TR/xhtml11/DTD/xhtml11.dtd">
<html xmlns="https://www.w3.org/1999/xhtml">
<head>
<meta http-equiv="content-type" content="text/html; charset=UTF-8"/>
<title>TestNG Report</title>
<style type="text/css">table {margin-bottom:10px;border-collapse:collapse;empty-cells:show}th,td {border:1px solid #009;padding:.25em .5em}th {vertical-align:bottom}td {vertical-align:top}table a {font-weight:bold}.stripe td {background-color: #E6EBF9}.num {text-align:right}.passedodd td {background-color: #3F3}.passedeven td {background-color: #0A0}.skippedodd td {background-color: #DDD}.skippedeven td {background-color: #CCC}.failedodd td,.attn {background-color: #F33}.failedeven td,.stripe .attn {background-color: #D00}.stacktrace {white-space:pre;font-family:monospace}.totop {font-size:85%;text-align:center;border-bottom:2px solid #000}.invisible {display:none}</style>
</head>
<body>
<table>
<tr><th>Test</th><th># Passed</th><th># Skipped</th><th># Retried</th><th># Failed</th><th>Time (ms)</th><th>Included Groups</th><th>Excluded Groups</th></tr>
<tr><th colspan="8">Default suite</th></tr>
<tr><td><a href="#t0">Default test</a></td><td class="num">0</td><td class="num">0</td><td class="num">0</td><td class="num attn">3</td><td class="num">8,548</td><td></td><td></td></tr>
</table>
<table id='summary'><thead><tr><th>Class</th><th>Method</th><th>Start</th><th>Time (ms)</th></tr></thead><tbody><tr><th colspan="4">Default suite</th></tr></tbody><tbody id="t0"><tr><th colspan="4">Default test &#8212; failed</th></tr><tr class="failedeven"><td rowspan="3">AllyTest.GunnisonAlly</td><td><a href="#m0">verifyAboutUs</a></td><td rowspan="1">1616006252721</td><td rowspan="1">1331</td></tr><tr class="failedeven"><td><a href="#m1">verifyCapabilities</a></td><td rowspan="1">1616006254434</td><td rowspan="1">1738</td></tr><tr class="failedeven"><td><a href="#m2">verifyGunnisonHome</a></td><td rowspan="1">1616006256747</td><td rowspan="1">1458</td></tr></tbody>
</table>
<h2>Default test</h2><h3 id="m0">AllyTest.GunnisonAlly#verifyAboutUs</h3><table class="result"><tr><th>Exception</th></tr><tr><td><div class="stacktrace">java.lang.AssertionError: Found 4 accessibility violations:
1) Heading levels should only increase by one: https://dequeuniversity.com/rules/axe/3.5/heading-order?application=axeAPI
  a) [&quot;.fusion-text-4 &gt; h3&quot;]
    Fix any of the following:
      Heading order invalid


  b) [&quot;.fusion-text-8 &gt; h6&quot;]
    Fix any of the following:
      Heading order invalid


  c) [&quot;.fusion-text-9 &gt; h6&quot;]
    Fix any of the following:
      Heading order invalid


2) Document must not have more than one contentinfo landmark: https://dequeuniversity.com/rules/axe/3.5/landmark-no-duplicate-contentinfo?application=axeAPI
  a) [&quot;.fusion-footer-widget-area&quot;]
    Fix any of the following:
      Document has more than one contentinfo landmark


3) Ensures landmarks are unique: https://dequeuniversity.com/rules/axe/3.5/landmark-unique?application=axeAPI
  a) [&quot;.fusion-footer-widget-area&quot;]
    Fix any of the following:
      The landmark must have a unique aria-label, aria-labelledby, or title to make landmarks distinguishable


4) All page content must be contained by landmarks: https://dequeuniversity.com/rules/axe/3.5/region?application=axeAPI
  a) [&quot;.avada-page-titlebar-wrapper&quot;]
    Fix any of the following:
      Some page content is not contained by landmarks


  b) [&quot;.to-top-container&quot;]
    Fix any of the following:
      Some page content is not contained by landmarks

 expected [true] but found [false]
	at org.testng.Assert.fail(Assert.java:99)
	at org.testng.Assert.failNotEquals(Assert.java:1037)
	at org.testng.Assert.assertTrue(Assert.java:45)
	at AllyTest.GunnisonAlly.gunnisonAllyTest(GunnisonAlly.java:46)
	at AllyTest.GunnisonAlly.verifyAboutUs(GunnisonAlly.java:71)
	at java.base/jdk.internal.reflect.NativeMethodAccessorImpl.invoke0(Native Method)
	at java.base/jdk.internal.reflect.NativeMethodAccessorImpl.invoke(NativeMethodAccessorImpl.java:64)
	at java.base/jdk.internal.reflect.DelegatingMethodAccessorImpl.invoke(DelegatingMethodAccessorImpl.java:43)
	at java.base/java.lang.reflect.Method.invoke(Method.java:564)
	at org.testng.internal.MethodInvocationHelper.invokeMethod(MethodInvocationHelper.java:133)
	at org.testng.internal.TestInvoker.invokeMethod(TestInvoker.java:598)
	at org.testng.internal.TestInvoker.invokeTestMethod(TestInvoker.java:173)
	at org.testng.internal.MethodRunner.runInSequence(MethodRunner.java:46)
	at org.testng.internal.TestInvoker$MethodInvocationAgent.invoke(TestInvoker.java:824)
	at org.testng.internal.TestInvoker.invokeTestMethods(TestInvoker.java:146)
	at org.testng.internal.TestMethodWorker.invokeTestMethods(TestMethodWorker.java:146)
	at org.testng.internal.TestMethodWorker.run(TestMethodWorker.java:128)
	at java.base/java.util.ArrayList.forEach(ArrayList.java:1511)
	at org.testng.TestRunner.privateRun(TestRunner.java:794)
	at org.testng.TestRunner.run(TestRunner.java:596)
	at org.testng.SuiteRunner.runTest(SuiteRunner.java:377)
	at org.testng.SuiteRunner.runSequentially(SuiteRunner.java:371)
	at org.testng.SuiteRunner.privateRun(SuiteRunner.java:332)
	at org.testng.SuiteRunner.run(SuiteRunner.java:276)
	at org.testng.SuiteRunnerWorker.runSuite(SuiteRunnerWorker.java:53)
	at org.testng.SuiteRunnerWorker.run(SuiteRunnerWorker.java:96)
	at org.testng.TestNG.runSuitesSequentially(TestNG.java:1212)
	at org.testng.TestNG.runSuitesLocally(TestNG.java:1134)
	at org.testng.TestNG.runSuites(TestNG.java:1063)
	at org.testng.TestNG.run(TestNG.java:1031)
	at org.testng.remote.AbstractRemoteTestNG.run(AbstractRemoteTestNG.java:115)
	at org.testng.remote.RemoteTestNG.initAndRun(RemoteTestNG.java:251)
	at org.testng.remote.RemoteTestNG.main(RemoteTestNG.java:77)
</div></td></tr></table><p class="totop"><a href="#summary">back to summary</a></p>
<h3 id="m1">AllyTest.GunnisonAlly#verifyCapabilities</h3><table class="result"><tr><th>Exception</th></tr><tr><td><div class="stacktrace">java.lang.AssertionError: Found 4 accessibility violations:
1) Heading levels should only increase by one: https://dequeuniversity.com/rules/axe/3.5/heading-order?application=axeAPI
  a) [&quot;.fusion-text-1 &gt; h4[data-fontsize=\&quot;\\32 4\&quot;][data-lineheight=\&quot;\\33 6px\&quot;]&quot;]
    Fix any of the following:
      Heading order invalid


  b) [&quot;.fusion-text-15 &gt; h6&quot;]
    Fix any of the following:
      Heading order invalid


  c) [&quot;.fusion-text-16 &gt; h6&quot;]
    Fix any of the following:
      Heading order invalid


2) Document must not have more than one contentinfo landmark: https://dequeuniversity.com/rules/axe/3.5/landmark-no-duplicate-contentinfo?application=axeAPI
  a) [&quot;.fusion-footer-widget-area&quot;]
    Fix any of the following:
      Document has more than one contentinfo landmark


3) Ensures landmarks are unique: https://dequeuniversity.com/rules/axe/3.5/landmark-unique?application=axeAPI
  a) [&quot;.fusion-footer-widget-area&quot;]
    Fix any of the following:
      The landmark must have a unique aria-label, aria-labelledby, or title to make landmarks distinguishable


4) All page content must be contained by landmarks: https://dequeuniversity.com/rules/axe/3.5/region?application=axeAPI
  a) [&quot;.avada-page-titlebar-wrapper&quot;]
    Fix any of the following:
      Some page content is not contained by landmarks


  b) [&quot;.to-top-container&quot;]
    Fix any of the following:
      Some page content is not contained by landmarks

 expected [true] but found [false]
	at org.testng.Assert.fail(Assert.java:99)
	at org.testng.Assert.failNotEquals(Assert.java:1037)
	at org.testng.Assert.assertTrue(Assert.java:45)
	at AllyTest.GunnisonAlly.gunnisonAllyTest(GunnisonAlly.java:46)
	at AllyTest.GunnisonAlly.verifyCapabilities(GunnisonAlly.java:65)
	at java.base/jdk.internal.reflect.NativeMethodAccessorImpl.invoke0(Native Method)
	at java.base/jdk.internal.reflect.NativeMethodAccessorImpl.invoke(NativeMethodAccessorImpl.java:64)
	at java.base/jdk.internal.reflect.DelegatingMethodAccessorImpl.invoke(DelegatingMethodAccessorImpl.java:43)
	at java.base/java.lang.reflect.Method.invoke(Method.java:564)
	at org.testng.internal.MethodInvocationHelper.invokeMethod(MethodInvocationHelper.java:133)
	at org.testng.internal.TestInvoker.invokeMethod(TestInvoker.java:598)
	at org.testng.internal.TestInvoker.invokeTestMethod(TestInvoker.java:173)
	at org.testng.internal.MethodRunner.runInSequence(MethodRunner.java:46)
	at org.testng.internal.TestInvoker$MethodInvocationAgent.invoke(TestInvoker.java:824)
	at org.testng.internal.TestInvoker.invokeTestMethods(TestInvoker.java:146)
	at org.testng.internal.TestMethodWorker.invokeTestMethods(TestMethodWorker.java:146)
	at org.testng.internal.TestMethodWorker.run(TestMethodWorker.java:128)
	at java.base/java.util.ArrayList.forEach(ArrayList.java:1511)
	at org.testng.TestRunner.privateRun(TestRunner.java:794)
	at org.testng.TestRunner.run(TestRunner.java:596)
	at org.testng.SuiteRunner.runTest(SuiteRunner.java:377)
	at org.testng.SuiteRunner.runSequentially(SuiteRunner.java:371)
	at org.testng.SuiteRunner.privateRun(SuiteRunner.java:332)
	at org.testng.SuiteRunner.run(SuiteRunner.java:276)
	at org.testng.SuiteRunnerWorker.runSuite(SuiteRunnerWorker.java:53)
	at org.testng.SuiteRunnerWorker.run(SuiteRunnerWorker.java:96)
	at org.testng.TestNG.runSuitesSequentially(TestNG.java:1212)
	at org.testng.TestNG.runSuitesLocally(TestNG.java:1134)
	at org.testng.TestNG.runSuites(TestNG.java:1063)
	at org.testng.TestNG.run(TestNG.java:1031)
	at org.testng.remote.AbstractRemoteTestNG.run(AbstractRemoteTestNG.java:115)
	at org.testng.remote.RemoteTestNG.initAndRun(RemoteTestNG.java:251)
	at org.testng.remote.RemoteTestNG.main(RemoteTestNG.java:77)
</div></td></tr></table><p class="totop"><a href="#summary">back to summary</a></p>
<h3 id="m2">AllyTest.GunnisonAlly#verifyGunnisonHome</h3><table class="result"><tr><th>Exception</th></tr><tr><td><div class="stacktrace">java.lang.AssertionError: Found 8 accessibility violations:
1) Elements must have sufficient color contrast: https://dequeuniversity.com/rules/axe/3.5/color-contrast?application=axeAPI
  a) [&quot;.button-14 &gt; .fusion-button-text&quot;]
    Fix any of the following:
      Element has insufficient color contrast of 3.48 (foreground color: #cf7038, background color: #ffffff, font size: 10.5pt (14px), font weight: bold). Expected contrast ratio of 4.5:1


2) Headings must not be empty: https://dequeuniversity.com/rules/axe/3.5/empty-heading?application=axeAPI
  a) [&quot;.fusion-title-15 &gt; .title-heading-center[data-fontsize=\&quot;\\37 0\&quot;][data-lineheight=\&quot;\\39 8px\&quot;]&quot;]
    Fix any of the following:
      Element does not have text that is visible to screen readers


  b) [&quot;.fusion-title-19 &gt; .title-heading-center[data-fontsize=\&quot;\\37 0\&quot;][data-lineheight=\&quot;\\39 8px\&quot;]&quot;]
    Fix any of the following:
      Element does not have text that is visible to screen readers


3) Heading levels should only increase by one: https://dequeuniversity.com/rules/axe/3.5/heading-order?application=axeAPI
  a) [&quot;.fusion-text-5 &gt; h4[data-lineheight=\&quot;\\33 6px\&quot;]&quot;]
    Fix any of the following:
      Heading order invalid


  b) [&quot;.fusion-text-12 &gt; h6&quot;]
    Fix any of the following:
      Heading order invalid


  c) [&quot;.fusion-text-14 &gt; h6&quot;]
    Fix any of the following:
      Heading order invalid


  d) [&quot;.fusion-text-16 &gt; h6&quot;]
    Fix any of the following:
      Heading order invalid


  e) [&quot;.fusion-text-18 &gt; h6&quot;]
    Fix any of the following:
      Heading order invalid


4) Images must have alternate text: https://dequeuniversity.com/rules/axe/3.5/image-alt?application=axeAPI
  a) [&quot;.wp-image-1748&quot;]
    Fix any of the following:
      Element does not have an alt attribute
      aria-label attribute does not exist or is empty
      aria-labelledby attribute does not exist, references elements that do not exist or references elements that are empty
      Element has no title attribute or the title attribute is empty
      Element&apos;s default semantics were not overridden with role=&quot;presentation&quot;
      Element&apos;s default semantics were not overridden with role=&quot;none&quot;


  b) [&quot;.wp-image-1747&quot;]
    Fix any of the following:
      Element does not have an alt attribute
      aria-label attribute does not exist or is empty
      aria-labelledby attribute does not exist, references elements that do not exist or references elements that are empty
      Element has no title attribute or the title attribute is empty
      Element&apos;s default semantics were not overridden with role=&quot;presentation&quot;
      Element&apos;s default semantics were not overridden with role=&quot;none&quot;


5) Document must not have more than one contentinfo landmark: https://dequeuniversity.com/rules/axe/3.5/landmark-no-duplicate-contentinfo?application=axeAPI
  a) [&quot;.fusion-footer-widget-area&quot;]
    Fix any of the following:
      Document has more than one contentinfo landmark


6) Ensures landmarks are unique: https://dequeuniversity.com/rules/axe/3.5/landmark-unique?application=axeAPI
  a) [&quot;.fusion-footer-widget-area&quot;]
    Fix any of the following:
      The landmark must have a unique aria-label, aria-labelledby, or title to make landmarks distinguishable


7) Page must contain a level-one heading: https://dequeuniversity.com/rules/axe/3.5/page-has-heading-one?application=axeAPI
  a) [&quot;html&quot;]
    Fix all of the following:
      Page must have a level-one heading


8) All page content must be contained by landmarks: https://dequeuniversity.com/rules/axe/3.5/region?application=axeAPI
  a) [&quot;.fusion-title-1&quot;]
    Fix any of the following:
      Some page content is not contained by landmarks


  b) [&quot;.fusion-title-2&quot;]
    Fix any of the following:
      Some page content is not contained by landmarks


  c) [&quot;.button-1&quot;]
    Fix any of the following:
      Some page content is not contained by landmarks


  d) [&quot;.to-top-container&quot;]
    Fix any of the following:
      Some page content is not contained by landmarks

 expected [true] but found [false]
	at org.testng.Assert.fail(Assert.java:99)
	at org.testng.Assert.failNotEquals(Assert.java:1037)
	at org.testng.Assert.assertTrue(Assert.java:45)
	at AllyTest.GunnisonAlly.gunnisonAllyTest(GunnisonAlly.java:46)
	at AllyTest.GunnisonAlly.verifyGunnisonHome(GunnisonAlly.java:58)
	at java.base/jdk.internal.reflect.NativeMethodAccessorImpl.invoke0(Native Method)
	at java.base/jdk.internal.reflect.NativeMethodAccessorImpl.invoke(NativeMethodAccessorImpl.java:64)
	at java.base/jdk.internal.reflect.DelegatingMethodAccessorImpl.invoke(DelegatingMethodAccessorImpl.java:43)
	at java.base/java.lang.reflect.Method.invoke(Method.java:564)
	at org.testng.internal.MethodInvocationHelper.invokeMethod(MethodInvocationHelper.java:133)
	at org.testng.internal.TestInvoker.invokeMethod(TestInvoker.java:598)
	at org.testng.internal.TestInvoker.invokeTestMethod(TestInvoker.java:173)
	at org.testng.internal.MethodRunner.runInSequence(MethodRunner.java:46)
	at org.testng.internal.TestInvoker$MethodInvocationAgent.invoke(TestInvoker.java:824)
	at org.testng.internal.TestInvoker.invokeTestMethods(TestInvoker.java:146)
	at org.testng.internal.TestMethodWorker.invokeTestMethods(TestMethodWorker.java:146)
	at org.testng.internal.TestMethodWorker.run(TestMethodWorker.java:128)
	at java.base/java.util.ArrayList.forEach(ArrayList.java:1511)
	at org.testng.TestRunner.privateRun(TestRunner.java:794)
	at org.testng.TestRunner.run(TestRunner.java:596)
	at org.testng.SuiteRunner.runTest(SuiteRunner.java:377)
	at org.testng.SuiteRunner.runSequentially(SuiteRunner.java:371)
	at org.testng.SuiteRunner.privateRun(SuiteRunner.java:332)
	at org.testng.SuiteRunner.run(SuiteRunner.java:276)
	at org.testng.SuiteRunnerWorker.runSuite(SuiteRunnerWorker.java:53)
	at org.testng.SuiteRunnerWorker.run(SuiteRunnerWorker.java:96)
	at org.testng.TestNG.runSuitesSequentially(TestNG.java:1212)
	at org.testng.TestNG.runSuitesLocally(TestNG.java:1134)
	at org.testng.TestNG.runSuites(TestNG.java:1063)
	at org.testng.TestNG.run(TestNG.java:1031)
	at org.testng.remote.AbstractRemoteTestNG.run(AbstractRemoteTestNG.java:115)
	at org.testng.remote.RemoteTestNG.initAndRun(RemoteTestNG.java:251)
	at org.testng.remote.RemoteTestNG.main(RemoteTestNG.java:77)
</div></td></tr></table><p class="totop"><a href="#summary">back to summary</a></p>
</body>
</html>
